1531106208.734215 client started (86641): version 2.7, socket /tmp//tmux-782901460/default, protocol 8
1531106208.734278 on Darwin 17.6.0 Darwin Kernel Version 17.6.0: Tue May  8 15:22:16 PDT 2018; root:xnu-4570.61.1~1/RELEASE_X86_64; libevent 2.1.8-stable (select)
1531106208.734332 socket is /tmp//tmux-782901460/default
1531106208.734359 trying connect
1531106208.734495 add peer 0x7ff8cd81b200: 6 (0x0)
1531106208.737619 sending message 100 to peer 0x7ff8cd81b200 (4 bytes)
1531106208.737650 sending message 101 to peer 0x7ff8cd81b200 (16 bytes)
1531106208.737661 sending message 102 to peer 0x7ff8cd81b200 (13 bytes)
1531106208.737670 sending message 108 to peer 0x7ff8cd81b200 (25 bytes)
1531106208.737691 sending message 104 to peer 0x7ff8cd81b200 (0 bytes)
1531106208.737701 sending message 107 to peer 0x7ff8cd81b200 (4 bytes)
1531106208.737715 sending message 105 to peer 0x7ff8cd81b200 (76 bytes)
1531106208.737724 sending message 105 to peer 0x7ff8cd81b200 (11 bytes)
1531106208.737734 sending message 105 to peer 0x7ff8cd81b200 (15 bytes)
1531106208.737743 sending message 105 to peer 0x7ff8cd81b200 (20 bytes)
1531106208.737752 sending message 105 to peer 0x7ff8cd81b200 (26 bytes)
1531106208.737762 sending message 105 to peer 0x7ff8cd81b200 (33 bytes)
1531106208.737771 sending message 105 to peer 0x7ff8cd81b200 (21 bytes)
1531106208.737780 sending message 105 to peer 0x7ff8cd81b200 (22 bytes)
1531106208.737790 sending message 105 to peer 0x7ff8cd81b200 (61 bytes)
1531106208.737799 sending message 105 to peer 0x7ff8cd81b200 (17 bytes)
1531106208.737808 sending message 105 to peer 0x7ff8cd81b200 (23 bytes)
1531106208.737817 sending message 105 to peer 0x7ff8cd81b200 (305 bytes)
1531106208.737827 sending message 105 to peer 0x7ff8cd81b200 (29 bytes)
1531106208.737836 sending message 105 to peer 0x7ff8cd81b200 (34 bytes)
1531106208.737845 sending message 105 to peer 0x7ff8cd81b200 (16 bytes)
1531106208.737855 sending message 105 to peer 0x7ff8cd81b200 (25 bytes)
1531106208.737864 sending message 105 to peer 0x7ff8cd81b200 (8 bytes)
1531106208.737873 sending message 105 to peer 0x7ff8cd81b200 (66 bytes)
1531106208.737883 sending message 105 to peer 0x7ff8cd81b200 (21 bytes)
1531106208.737892 sending message 105 to peer 0x7ff8cd81b200 (23 bytes)
1531106208.737901 sending message 105 to peer 0x7ff8cd81b200 (27 bytes)
1531106208.737911 sending message 105 to peer 0x7ff8cd81b200 (60 bytes)
1531106208.737920 sending message 105 to peer 0x7ff8cd81b200 (57 bytes)
1531106208.737929 sending message 105 to peer 0x7ff8cd81b200 (41 bytes)
1531106208.737939 sending message 105 to peer 0x7ff8cd81b200 (13 bytes)
1531106208.737948 sending message 105 to peer 0x7ff8cd81b200 (14 bytes)
1531106208.737958 sending message 105 to peer 0x7ff8cd81b200 (40 bytes)
1531106208.737967 sending message 105 to peer 0x7ff8cd81b200 (14 bytes)
1531106208.737976 sending message 105 to peer 0x7ff8cd81b200 (19 bytes)
1531106208.737985 sending message 105 to peer 0x7ff8cd81b200 (33 bytes)
1531106208.737995 sending message 105 to peer 0x7ff8cd81b200 (17 bytes)
1531106208.738007 sending message 105 to peer 0x7ff8cd81b200 (22 bytes)
1531106208.738017 sending message 106 to peer 0x7ff8cd81b200 (0 bytes)
1531106208.738348 sending message 200 to peer 0x7ff8cd81b200 (4 bytes)
1531106208.738366 client loop enter
1531106208.739631 peer 0x7ff8cd81b200 message 211
1531106208.739803 client_write: sessions should be nested with care, unset $TMUX to force\n
1531106208.739830 peer 0x7ff8cd81b200 message 203
1531106208.739842 client loop exit
