2020-11-24 15:19:36,695 DEBUG    root            Loaded Command Group: ['gcloud', 'config']
2020-11-24 15:19:36,721 DEBUG    root            Loaded Command Group: ['gcloud', 'config', 'set']
2020-11-24 15:19:36,724 DEBUG    root            Running [gcloud.config.set] with arguments: [SECTION/PROPERTY: "project", VALUE: "107149403215759919869"]
2020-11-24 15:19:36,725 DEBUG    root            (gcloud.config.set) The project property must be set to a valid project ID, not the project number [107149403215759919869]
To set your project, run:

  $ gcloud config set project PROJECT_ID

or to unset it, run:

  $ gcloud config unset project
Traceback (most recent call last):
  File "/usr/local/Caskroom/google-cloud-sdk/latest/google-cloud-sdk/lib/googlecloudsdk/calliope/cli.py", line 983, in Execute
    resources = calliope_command.Run(cli=self, args=args)
  File "/usr/local/Caskroom/google-cloud-sdk/latest/google-cloud-sdk/lib/googlecloudsdk/calliope/backend.py", line 808, in Run
    resources = command_instance.Run(args)
  File "/usr/local/Caskroom/google-cloud-sdk/latest/google-cloud-sdk/lib/surface/config/set.py", line 151, in Run
    properties.PersistProperty(prop, args.value, scope=scope)
  File "/usr/local/Caskroom/google-cloud-sdk/latest/google-cloud-sdk/lib/googlecloudsdk/core/properties.py", line 2653, in PersistProperty
    prop.Validate(value)
  File "/usr/local/Caskroom/google-cloud-sdk/latest/google-cloud-sdk/lib/googlecloudsdk/core/properties.py", line 2435, in Validate
    self.__validator(value)
  File "/usr/local/Caskroom/google-cloud-sdk/latest/google-cloud-sdk/lib/googlecloudsdk/core/properties.py", line 1355, in ProjectValidator
    raise InvalidProjectError(
googlecloudsdk.core.properties.InvalidProjectError: The project property must be set to a valid project ID, not the project number [107149403215759919869]
To set your project, run:

  $ gcloud config set project PROJECT_ID

or to unset it, run:

  $ gcloud config unset project
2020-11-24 15:19:36,733 ERROR    root            (gcloud.config.set) The project property must be set to a valid project ID, not the project number [107149403215759919869]
To set your project, run:

  $ gcloud config set project PROJECT_ID

or to unset it, run:

  $ gcloud config unset project
