2020-11-24 15:17:31,354 ERROR    root            (gcloud) Command name argument expected.
2020-11-24 15:17:31,372 DEBUG    root            Loaded Command Group: ['gcloud', 'builds']
2020-11-24 15:17:31,420 DEBUG    root            Loaded Command Group: ['gcloud', 'projects']
2020-11-24 15:17:31,430 DEBUG    root            Loaded Command Group: ['gcloud', 'datastore']
2020-11-24 15:17:31,439 DEBUG    root            Loaded Command Group: ['gcloud', 'active_directory']
2020-11-24 15:17:31,448 DEBUG    root            No implementation for release track [GA] for element: [/usr/local/Caskroom/google-cloud-sdk/latest/google-cloud-sdk/lib/surface/genomics]
2020-11-24 15:17:31,450 DEBUG    root            Loaded Command Group: ['gcloud', 'endpoints']
2020-11-24 15:17:31,458 DEBUG    root            Loaded Command Group: ['gcloud', 'game']
2020-11-24 15:17:31,468 DEBUG    root            No implementation for release track [GA] for element: [/usr/local/Caskroom/google-cloud-sdk/latest/google-cloud-sdk/lib/surface/resource_settings]
2020-11-24 15:17:31,471 DEBUG    root            Loaded Command Group: ['gcloud', 'scheduler']
2020-11-24 15:17:31,482 DEBUG    root            Loaded Command Group: ['gcloud', 'tasks']
2020-11-24 15:17:31,491 DEBUG    root            Loaded Command Group: ['gcloud', 'composer']
2020-11-24 15:17:31,500 DEBUG    root            Loaded Command Group: ['gcloud', 'healthcare']
2020-11-24 15:17:31,655 DEBUG    root            No implementation for release track [GA] for element: [/usr/local/Caskroom/google-cloud-sdk/latest/google-cloud-sdk/lib/surface/events]
2020-11-24 15:17:31,658 DEBUG    root            No implementation for release track [GA] for element: [/usr/local/Caskroom/google-cloud-sdk/latest/google-cloud-sdk/lib/surface/billing]
2020-11-24 15:17:31,660 DEBUG    root            Loaded Command Group: ['gcloud', 'meta']
2020-11-24 15:17:31,670 DEBUG    root            No implementation for release track [GA] for element: [/usr/local/Caskroom/google-cloud-sdk/latest/google-cloud-sdk/lib/surface/bq]
2020-11-24 15:17:31,673 DEBUG    root            No implementation for release track [GA] for element: [/usr/local/Caskroom/google-cloud-sdk/latest/google-cloud-sdk/lib/surface/certificate_manager]
2020-11-24 15:17:31,675 DEBUG    root            Loaded Command Group: ['gcloud', 'services']
2020-11-24 15:17:31,695 DEBUG    root            Loaded Command Group: ['gcloud', 'debug']
2020-11-24 15:17:31,704 DEBUG    root            No implementation for release track [GA] for element: [/usr/local/Caskroom/google-cloud-sdk/latest/google-cloud-sdk/lib/surface/data_fusion]
2020-11-24 15:17:31,707 DEBUG    root            Loaded Command Group: ['gcloud', 'dns']
2020-11-24 15:17:31,717 DEBUG    root            Loaded Command Group: ['gcloud', 'network_management']
2020-11-24 15:17:31,726 DEBUG    root            Loaded Command Group: ['gcloud', 'cloud_shell']
2020-11-24 15:17:31,735 DEBUG    root            Loaded Command Group: ['gcloud', 'deployment_manager']
2020-11-24 15:17:31,744 DEBUG    root            Loaded Command Group: ['gcloud', 'components']
2020-11-24 15:17:31,753 DEBUG    root            Loaded Command Group: ['gcloud', 'filestore']
2020-11-24 15:17:31,763 DEBUG    root            Loaded Command Group: ['gcloud', 'asset']
2020-11-24 15:17:31,774 DEBUG    root            No implementation for release track [GA] for element: [/usr/local/Caskroom/google-cloud-sdk/latest/google-cloud-sdk/lib/surface/memcache]
2020-11-24 15:17:31,776 DEBUG    root            Loaded Command Group: ['gcloud', 'sql']
2020-11-24 15:17:31,786 DEBUG    root            Loaded Command Group: ['gcloud', 'dataflow']
2020-11-24 15:17:31,801 DEBUG    root            Loaded Command Group: ['gcloud', 'topic']
2020-11-24 15:17:31,809 DEBUG    root            No implementation for release track [GA] for element: [/usr/local/Caskroom/google-cloud-sdk/latest/google-cloud-sdk/lib/surface/storage]
2020-11-24 15:17:31,811 DEBUG    root            Loaded Command Group: ['gcloud', 'pubsub']
2020-11-24 15:17:31,891 DEBUG    root            Loaded Command Group: ['gcloud', 'ml_engine']
2020-11-24 15:17:31,900 DEBUG    root            No implementation for release track [GA] for element: [/usr/local/Caskroom/google-cloud-sdk/latest/google-cloud-sdk/lib/surface/database_migration]
2020-11-24 15:17:31,913 DEBUG    root            No implementation for release track [GA] for element: [/usr/local/Caskroom/google-cloud-sdk/latest/google-cloud-sdk/lib/surface/code]
2020-11-24 15:17:31,916 DEBUG    root            No implementation for release track [GA] for element: [/usr/local/Caskroom/google-cloud-sdk/latest/google-cloud-sdk/lib/surface/emulators]
2020-11-24 15:17:31,918 DEBUG    root            No implementation for release track [GA] for element: [/usr/local/Caskroom/google-cloud-sdk/latest/google-cloud-sdk/lib/surface/network_services]
2020-11-24 15:17:31,922 DEBUG    root            Loaded Command Group: ['gcloud', 'logging']
2020-11-24 15:17:31,931 DEBUG    root            Loaded Command Group: ['gcloud', 'kms']
2020-11-24 15:17:31,940 DEBUG    root            No implementation for release track [GA] for element: [/usr/local/Caskroom/google-cloud-sdk/latest/google-cloud-sdk/lib/surface/recaptcha]
2020-11-24 15:17:31,942 DEBUG    root            Loaded Command Group: ['gcloud', 'recommender']
2020-11-24 15:17:31,961 DEBUG    root            Loaded Command Group: ['gcloud', 'functions']
2020-11-24 15:17:31,972 DEBUG    root            No implementation for release track [GA] for element: [/usr/local/Caskroom/google-cloud-sdk/latest/google-cloud-sdk/lib/surface/api_gateway]
2020-11-24 15:17:31,974 DEBUG    root            Loaded Command Group: ['gcloud', 'source']
2020-11-24 15:17:31,983 DEBUG    root            Loaded Command Group: ['gcloud', 'monitoring']
2020-11-24 15:17:31,992 DEBUG    root            No implementation for release track [GA] for element: [/usr/local/Caskroom/google-cloud-sdk/latest/google-cloud-sdk/lib/surface/access_approval]
2020-11-24 15:17:31,994 DEBUG    root            No implementation for release track [GA] for element: [/usr/local/Caskroom/google-cloud-sdk/latest/google-cloud-sdk/lib/surface/transcoder]
2020-11-24 15:17:31,996 DEBUG    root            No implementation for release track [GA] for element: [/usr/local/Caskroom/google-cloud-sdk/latest/google-cloud-sdk/lib/surface/service_directory]
2020-11-24 15:17:31,998 DEBUG    root            Loaded Command Group: ['gcloud', 'bigtable']
2020-11-24 15:17:32,007 DEBUG    root            No implementation for release track [GA] for element: [/usr/local/Caskroom/google-cloud-sdk/latest/google-cloud-sdk/lib/surface/commerce_procurement]
2020-11-24 15:17:32,016 DEBUG    root            Loaded Command Group: ['gcloud', 'cheat_sheet']
2020-11-24 15:17:32,019 DEBUG    root            No implementation for release track [GA] for element: [/usr/local/Caskroom/google-cloud-sdk/latest/google-cloud-sdk/lib/surface/error_reporting]
2020-11-24 15:17:32,046 DEBUG    root            Loaded Command Group: ['gcloud', 'info']
2020-11-24 15:17:32,434 DEBUG    root            No implementation for release track [GA] for element: [/usr/local/Caskroom/google-cloud-sdk/latest/google-cloud-sdk/lib/surface/interactive]
2020-11-24 15:17:32,436 DEBUG    root            No implementation for release track [GA] for element: [/usr/local/Caskroom/google-cloud-sdk/latest/google-cloud-sdk/lib/surface/trace]
2020-11-24 15:17:32,439 DEBUG    root            No implementation for release track [GA] for element: [/usr/local/Caskroom/google-cloud-sdk/latest/google-cloud-sdk/lib/surface/assured]
2020-11-24 15:17:32,441 DEBUG    root            Loaded Command Group: ['gcloud', 'data_catalog']
2020-11-24 15:17:32,450 DEBUG    root            No implementation for release track [GA] for element: [/usr/local/Caskroom/google-cloud-sdk/latest/google-cloud-sdk/lib/surface/dlp]
2020-11-24 15:17:32,452 DEBUG    root            No implementation for release track [GA] for element: [/usr/local/Caskroom/google-cloud-sdk/latest/google-cloud-sdk/lib/surface/network_security]
2020-11-24 15:17:32,454 DEBUG    root            Loaded Command Group: ['gcloud', 'firebase']
2020-11-24 15:17:32,464 DEBUG    root            Loaded Command Group: ['gcloud', 'container']
2020-11-24 15:17:32,475 DEBUG    root            Loaded Command Group: ['gcloud', 'access_context_manager']
2020-11-24 15:17:32,477 DEBUG    root            Loaded Command Group: ['gcloud', 'ai_platform']
2020-11-24 15:17:32,484 DEBUG    root            No implementation for release track [GA] for element: [/usr/local/Caskroom/google-cloud-sdk/latest/google-cloud-sdk/lib/surface/privateca]
2020-11-24 15:17:32,486 DEBUG    root            No implementation for release track [GA] for element: [/usr/local/Caskroom/google-cloud-sdk/latest/google-cloud-sdk/lib/surface/eventarc]
2020-11-24 15:17:32,488 DEBUG    root            Loaded Command Group: ['gcloud', 'app']
2020-11-24 15:17:32,499 DEBUG    root            Loaded Command Group: ['gcloud', 'identity']
2020-11-24 15:17:32,508 DEBUG    root            Loaded Command Group: ['gcloud', 'policy_troubleshoot']
2020-11-24 15:17:32,534 DEBUG    root            Loaded Command Group: ['gcloud', 'help']
2020-11-24 15:17:32,538 DEBUG    root            Loaded Command Group: ['gcloud', 'scc']
2020-11-24 15:17:32,547 DEBUG    root            No implementation for release track [GA] for element: [/usr/local/Caskroom/google-cloud-sdk/latest/google-cloud-sdk/lib/surface/network_connectivity]
2020-11-24 15:17:32,548 DEBUG    root            Loaded Command Group: ['gcloud', 'run']
2020-11-24 15:17:32,560 DEBUG    root            Loaded Command Group: ['gcloud', 'config']
2020-11-24 15:17:32,568 DEBUG    root            No implementation for release track [GA] for element: [/usr/local/Caskroom/google-cloud-sdk/latest/google-cloud-sdk/lib/surface/workflows]
2020-11-24 15:17:32,571 DEBUG    root            No implementation for release track [GA] for element: [/usr/local/Caskroom/google-cloud-sdk/latest/google-cloud-sdk/lib/surface/kuberun]
2020-11-24 15:17:32,573 DEBUG    root            Loaded Command Group: ['gcloud', 'apigee']
2020-11-24 15:17:32,582 DEBUG    root            Loaded Command Group: ['gcloud', 'iam']
2020-11-24 15:17:32,591 DEBUG    root            No implementation for release track [GA] for element: [/usr/local/Caskroom/google-cloud-sdk/latest/google-cloud-sdk/lib/surface/org_policies]
2020-11-24 15:17:32,593 DEBUG    root            Loaded Command Group: ['gcloud', 'auth']
2020-11-24 15:17:32,602 DEBUG    root            No implementation for release track [GA] for element: [/usr/local/Caskroom/google-cloud-sdk/latest/google-cloud-sdk/lib/surface/dialogflow]
2020-11-24 15:17:32,604 DEBUG    root            No implementation for release track [GA] for element: [/usr/local/Caskroom/google-cloud-sdk/latest/google-cloud-sdk/lib/surface/metastore]
2020-11-24 15:17:32,607 DEBUG    root            Loaded Command Group: ['gcloud', 'artifacts']
2020-11-24 15:17:32,618 DEBUG    root            Loaded Command Group: ['gcloud', 'iap']
2020-11-24 15:17:32,622 DEBUG    root            Loaded Command Group: ['gcloud', 'firestore']
2020-11-24 15:17:32,631 DEBUG    root            No implementation for release track [GA] for element: [/usr/local/Caskroom/google-cloud-sdk/latest/google-cloud-sdk/lib/surface/web_security_scanner]
2020-11-24 15:17:32,639 DEBUG    root            Loaded Command Group: ['gcloud', 'version']
2020-11-24 15:17:32,642 DEBUG    root            No implementation for release track [GA] for element: [/usr/local/Caskroom/google-cloud-sdk/latest/google-cloud-sdk/lib/surface/remote_build_execution]
2020-11-24 15:17:32,644 DEBUG    root            Loaded Command Group: ['gcloud', 'resource_manager']
2020-11-24 15:17:32,653 DEBUG    root            Loaded Command Group: ['gcloud', 'ml']
2020-11-24 15:17:32,692 DEBUG    root            Loaded Command Group: ['gcloud', 'survey']
2020-11-24 15:17:32,695 DEBUG    root            Loaded Command Group: ['gcloud', 'secrets']
2020-11-24 15:17:32,711 DEBUG    root            Loaded Command Group: ['gcloud', 'init']
2020-11-24 15:17:32,744 DEBUG    root            Loaded Command Group: ['gcloud', 'docker']
2020-11-24 15:17:32,757 DEBUG    root            Loaded Command Group: ['gcloud', 'feedback']
2020-11-24 15:17:32,759 DEBUG    root            Loaded Command Group: ['gcloud', 'spanner']
2020-11-24 15:17:32,769 DEBUG    root            Loaded Command Group: ['gcloud', 'iot']
2020-11-24 15:17:32,779 DEBUG    root            Loaded Command Group: ['gcloud', 'redis']
2020-11-24 15:17:32,790 DEBUG    root            Loaded Command Group: ['gcloud', 'domains']
2020-11-24 15:17:32,799 DEBUG    root            No implementation for release track [GA] for element: [/usr/local/Caskroom/google-cloud-sdk/latest/google-cloud-sdk/lib/surface/notebooks]
2020-11-24 15:17:32,801 DEBUG    root            No implementation for release track [GA] for element: [/usr/local/Caskroom/google-cloud-sdk/latest/google-cloud-sdk/lib/surface/labelmanager]
2020-11-24 15:17:32,804 DEBUG    root            No implementation for release track [GA] for element: [/usr/local/Caskroom/google-cloud-sdk/latest/google-cloud-sdk/lib/surface/ai]
2020-11-24 15:17:32,806 DEBUG    root            No implementation for release track [GA] for element: [/usr/local/Caskroom/google-cloud-sdk/latest/google-cloud-sdk/lib/surface/vmware]
2020-11-24 15:17:33,057 DEBUG    root            Loaded Command Group: ['gcloud', 'compute']
2020-11-24 15:17:33,068 DEBUG    root            No implementation for release track [GA] for element: [/usr/local/Caskroom/google-cloud-sdk/latest/google-cloud-sdk/lib/surface/lifesciences]
2020-11-24 15:17:33,071 DEBUG    root            Loaded Command Group: ['gcloud', 'dataproc']
2020-11-24 15:17:33,080 DEBUG    root            Loaded Command Group: ['gcloud', 'organizations']
2020-11-24 15:17:33,088 DEBUG    root            No implementation for release track [GA] for element: [/usr/local/Caskroom/google-cloud-sdk/latest/google-cloud-sdk/lib/surface/admin_service_cluster]
2020-11-24 15:17:33,091 DEBUG    root            Loaded Command Group: ['gcloud', 'anthos']
2020-11-24 15:17:33,101 DEBUG    root            No implementation for release track [GA] for element: [/usr/local/Caskroom/google-cloud-sdk/latest/google-cloud-sdk/lib/surface/runtime_config]
2020-11-24 15:17:34,300 INFO     ___FILE_ONLY___ 

Command killed by keyboard interrupt


