2020-11-24 15:17:56,006 DEBUG    root            Loaded Command Group: ['gcloud', 'auth']
2020-11-24 15:17:56,373 DEBUG    root            Loaded Command Group: ['gcloud', 'auth', 'login']
2020-11-24 15:17:56,376 DEBUG    root            Running [gcloud.auth.login] with arguments: []
2020-11-24 15:17:56,400 DEBUG    requests_oauthlib.oauth2_session Generated new state cyXA86OYvUM1qyUsUg3Q9NRTVN2HeW.
2020-11-24 15:17:57,025 INFO     ___FILE_ONLY___ Your browser has been opened to visit:

    https://accounts.google.com/o/oauth2/auth?response_type=code&client_id=32555940559.apps.googleusercontent.com&redirect_uri=http%3A%2F%2Flocalhost%3A8085%2F&scope=openid+https%3A%2F%2Fwww.googleapis.com%2Fauth%2Fuserinfo.email+https%3A%2F%2Fwww.googleapis.com%2Fauth%2Fcloud-platform+https%3A%2F%2Fwww.googleapis.com%2Fauth%2Fappengine.admin+https%3A%2F%2Fwww.googleapis.com%2Fauth%2Fcompute+https%3A%2F%2Fwww.googleapis.com%2Fauth%2Faccounts.reauth&state=cyXA86OYvUM1qyUsUg3Q9NRTVN2HeW&access_type=offline&code_challenge=GFAX5b0eyIiIG_oaDrBIP6liGq-kd4_W0dib7zFsG1E&code_challenge_method=S256


2020-11-24 15:18:03,423 INFO     google_auth_oauthlib.flow "GET /?state=cyXA86OYvUM1qyUsUg3Q9NRTVN2HeW&code=4/0AY0e-g7LQGK3co8Al4hjW8PPwdQhJDj4qjzc5f0enmbC7QiiPuiroY3q0wTohWgQP-xyAw&scope=email%20openid%20https://www.googleapis.com/auth/userinfo.email%20https://www.googleapis.com/auth/cloud-platform%20https://www.googleapis.com/auth/appengine.admin%20https://www.googleapis.com/auth/compute%20https://www.googleapis.com/auth/accounts.reauth&authuser=6&prompt=consent HTTP/1.1" 200 959
2020-11-24 15:18:03,424 DEBUG    requests_oauthlib.oauth2_session Encoding `client_id` "32555940559.apps.googleusercontent.com" with `client_secret` as Basic auth credentials.
2020-11-24 15:18:03,425 DEBUG    requests_oauthlib.oauth2_session Requesting url https://oauth2.googleapis.com/token using method POST.
2020-11-24 15:18:03,425 DEBUG    requests_oauthlib.oauth2_session Supplying headers {b'Accept': b'application/json', b'Content-Type': b'application/x-www-form-urlencoded;charset=UTF-8', b'user-agent': b'google-cloud-sdk gcloud/319.0.0 command/gcloud.auth.login invocation-id/7137832589324fc4a304abf296d36e05 environment/None environment-version/None interactive/True from-script/False python/3.8.6 term/xterm-256color (Macintosh; Intel Mac OS X 19.6.0)'} and data {'grant_type': 'authorization_code', 'code': '4/0AY0e-g7LQGK3co8Al4hjW8PPwdQhJDj4qjzc5f0enmbC7QiiPuiroY3q0wTohWgQP-xyAw', 'redirect_uri': 'http://localhost:8085/', 'code_verifier': '3QQOcAcS9GsuK3fzRxIpKBYHps9erDzaZae940donoL4cEd6If9_-FVOzHpXOWR2t0IRdQ_Tqpo3pTkY0RbmDaR6g.9DJxqo~D0DK88sQzrhq9W6SKp~TgUvo0Zi~gwv'}
2020-11-24 15:18:03,425 DEBUG    requests_oauthlib.oauth2_session Passing through key word arguments {'json': None, 'timeout': None, 'auth': <requests.auth.HTTPBasicAuth object at 0x10d13f850>, 'verify': True, 'proxies': None}.
2020-11-24 15:18:03,500 DEBUG    urllib3.connectionpool Starting new HTTPS connection (1): oauth2.googleapis.com:443
2020-11-24 15:18:03,714 DEBUG    urllib3.connectionpool https://oauth2.googleapis.com:443 "POST /token HTTP/1.1" 200 None
2020-11-24 15:18:03,716 DEBUG    requests_oauthlib.oauth2_session Prepared fetch token request body grant_type=authorization_code&code=4%2F0AY0e-g7LQGK3co8Al4hjW8PPwdQhJDj4qjzc5f0enmbC7QiiPuiroY3q0wTohWgQP-xyAw&redirect_uri=http%3A%2F%2Flocalhost%3A8085%2F&code_verifier=3QQOcAcS9GsuK3fzRxIpKBYHps9erDzaZae940donoL4cEd6If9_-FVOzHpXOWR2t0IRdQ_Tqpo3pTkY0RbmDaR6g.9DJxqo~D0DK88sQzrhq9W6SKp~TgUvo0Zi~gwv
2020-11-24 15:18:03,716 DEBUG    requests_oauthlib.oauth2_session Request to fetch token completed with status 200.
2020-11-24 15:18:03,716 DEBUG    requests_oauthlib.oauth2_session Request headers were {'user-agent': b'google-cloud-sdk gcloud/319.0.0 command/gcloud.auth.login invocation-id/7137832589324fc4a304abf296d36e05 environment/None environment-version/None interactive/True from-script/False python/3.8.6 term/xterm-256color (Macintosh; Intel Mac OS X 19.6.0)', 'Accept-Encoding': 'gzip, deflate', 'Accept': b'application/json', 'Connection': 'keep-alive', 'Content-Type': b'application/x-www-form-urlencoded;charset=UTF-8', 'Content-Length': '299', 'Authorization': 'Basic MzI1NTU5NDA1NTkuYXBwcy5nb29nbGV1c2VyY29udGVudC5jb206Wm1zc0xOakp5Mjk5OGhENENUZzJlanIy'}
2020-11-24 15:18:03,716 DEBUG    requests_oauthlib.oauth2_session Request body was grant_type=authorization_code&code=4%2F0AY0e-g7LQGK3co8Al4hjW8PPwdQhJDj4qjzc5f0enmbC7QiiPuiroY3q0wTohWgQP-xyAw&redirect_uri=http%3A%2F%2Flocalhost%3A8085%2F&code_verifier=3QQOcAcS9GsuK3fzRxIpKBYHps9erDzaZae940donoL4cEd6If9_-FVOzHpXOWR2t0IRdQ_Tqpo3pTkY0RbmDaR6g.9DJxqo~D0DK88sQzrhq9W6SKp~TgUvo0Zi~gwv
2020-11-24 15:18:03,716 DEBUG    requests_oauthlib.oauth2_session Response headers were {'Pragma': 'no-cache', 'Expires': 'Mon, 01 Jan 1990 00:00:00 GMT', 'Date': 'Tue, 24 Nov 2020 06:18:03 GMT', 'Cache-Control': 'no-cache, no-store, max-age=0, must-revalidate', 'Content-Type': 'application/json; charset=utf-8', 'Vary': 'Origin, X-Origin, Referer', 'Content-Encoding': 'gzip', 'Server': 'scaffolding on HTTPServer2', 'X-XSS-Protection': '0', 'X-Frame-Options': 'SAMEORIGIN', 'X-Content-Type-Options': 'nosniff', 'Alt-Svc': 'h3-29=":443"; ma=2592000,h3-T051=":443"; ma=2592000,h3-Q050=":443"; ma=2592000,h3-Q046=":443"; ma=2592000,h3-Q043=":443"; ma=2592000,quic=":443"; ma=2592000; v="46,43"', 'Transfer-Encoding': 'chunked'} and content {
  "access_token": "ya29.a0AfH6SMBob0ZJCzTMU9oWMZ7kgKKGbLQ4mMAZ65fvriJv-BYa0YEx8GbkyQFfORORxslc6HP0hDE163DQRypIHYfzMdrdZd-hv_VJa4KDu-ruoelVNqZIdxTdSwx7YNdme7vnHacP7b3iDRFmukfdxmwN6k6YSLg-TnVcNTJ5LiTkKewUFsI",
  "expires_in": 3599,
  "refresh_token": "1//0eLzp6j1hInpKCgYIARAAGA4SNwF-L9Irex_dEGSGz_O2KBlDDRD7Gx43Mjec7iw47UoGKWklZ6rMEgevJZ2WXg_RTGr3LWR99ZM",
  "scope": "openid https://www.googleapis.com/auth/cloud-platform https://www.googleapis.com/auth/userinfo.email https://www.googleapis.com/auth/compute https://www.googleapis.com/auth/accounts.reauth https://www.googleapis.com/auth/appengine.admin",
  "token_type": "Bearer",
  "id_token": "eyJhbGciOiJSUzI1NiIsImtpZCI6ImRlZGMwMTJkMDdmNTJhZWRmZDVmOTc3ODRlMWJjYmUyM2MxOTcyNGQiLCJ0eXAiOiJKV1QifQ.eyJpc3MiOiJodHRwczovL2FjY291bnRzLmdvb2dsZS5jb20iLCJhenAiOiIzMjU1NTk0MDU1OS5hcHBzLmdvb2dsZXVzZXJjb250ZW50LmNvbSIsImF1ZCI6IjMyNTU1OTQwNTU5LmFwcHMuZ29vZ2xldXNlcmNvbnRlbnQuY29tIiwic3ViIjoiMTE1MzUzNzMxMjA0MTIyMDg4NTMyIiwiZW1haWwiOiJ3ZWJyZXNwb25zZXNwZWVkQGdtYWlsLmNvbSIsImVtYWlsX3ZlcmlmaWVkIjp0cnVlLCJhdF9oYXNoIjoiOHhQY09obnk4WW1ib2tlVFk2Y3FJZyIsImlhdCI6MTYwNjE5ODY4MywiZXhwIjoxNjA2MjAyMjgzfQ.bR6MrgkZSAKcagH_TvaVsLaoyynkrRPHXif-abUeOOuAwnod2R6hSOukCMVWMnIM8XLw6PYYOQzWA5xYXB7x4wsyOBzALTVmmxIMHXCx9LwPdG7UhYYilciZUbi1rqOuBv-8RDMMgjIoi2aEcsufj9luge-Oongv6kHDq1Na70RiJEmvPQ8qz44fTJCi-PpIgDsHDGU7cAZrtd9dlvygUR4I5ODe2s0NGmsDoua1GTzfqjaQZzmUF8ZwkZ7E6tdTbMDsKACKEmQCNeB7jao3nwz1pdtZZnNPWdvgWm2FtJYe9v59T_DSWgiQGfx4cyvDdL5J2jqUp-YdHy-r9UiIkg"
}.
2020-11-24 15:18:03,716 DEBUG    requests_oauthlib.oauth2_session Invoking 0 token response hooks.
2020-11-24 15:18:03,718 DEBUG    requests_oauthlib.oauth2_session Obtained token {'access_token': 'ya29.a0AfH6SMBob0ZJCzTMU9oWMZ7kgKKGbLQ4mMAZ65fvriJv-BYa0YEx8GbkyQFfORORxslc6HP0hDE163DQRypIHYfzMdrdZd-hv_VJa4KDu-ruoelVNqZIdxTdSwx7YNdme7vnHacP7b3iDRFmukfdxmwN6k6YSLg-TnVcNTJ5LiTkKewUFsI', 'expires_in': 3599, 'refresh_token': '1//0eLzp6j1hInpKCgYIARAAGA4SNwF-L9Irex_dEGSGz_O2KBlDDRD7Gx43Mjec7iw47UoGKWklZ6rMEgevJZ2WXg_RTGr3LWR99ZM', 'scope': ['openid', 'https://www.googleapis.com/auth/cloud-platform', 'https://www.googleapis.com/auth/userinfo.email', 'https://www.googleapis.com/auth/compute', 'https://www.googleapis.com/auth/accounts.reauth', 'https://www.googleapis.com/auth/appengine.admin'], 'token_type': 'Bearer', 'id_token': 'eyJhbGciOiJSUzI1NiIsImtpZCI6ImRlZGMwMTJkMDdmNTJhZWRmZDVmOTc3ODRlMWJjYmUyM2MxOTcyNGQiLCJ0eXAiOiJKV1QifQ.eyJpc3MiOiJodHRwczovL2FjY291bnRzLmdvb2dsZS5jb20iLCJhenAiOiIzMjU1NTk0MDU1OS5hcHBzLmdvb2dsZXVzZXJjb250ZW50LmNvbSIsImF1ZCI6IjMyNTU1OTQwNTU5LmFwcHMuZ29vZ2xldXNlcmNvbnRlbnQuY29tIiwic3ViIjoiMTE1MzUzNzMxMjA0MTIyMDg4NTMyIiwiZW1haWwiOiJ3ZWJyZXNwb25zZXNwZWVkQGdtYWlsLmNvbSIsImVtYWlsX3ZlcmlmaWVkIjp0cnVlLCJhdF9oYXNoIjoiOHhQY09obnk4WW1ib2tlVFk2Y3FJZyIsImlhdCI6MTYwNjE5ODY4MywiZXhwIjoxNjA2MjAyMjgzfQ.bR6MrgkZSAKcagH_TvaVsLaoyynkrRPHXif-abUeOOuAwnod2R6hSOukCMVWMnIM8XLw6PYYOQzWA5xYXB7x4wsyOBzALTVmmxIMHXCx9LwPdG7UhYYilciZUbi1rqOuBv-8RDMMgjIoi2aEcsufj9luge-Oongv6kHDq1Na70RiJEmvPQ8qz44fTJCi-PpIgDsHDGU7cAZrtd9dlvygUR4I5ODe2s0NGmsDoua1GTzfqjaQZzmUF8ZwkZ7E6tdTbMDsKACKEmQCNeB7jao3nwz1pdtZZnNPWdvgWm2FtJYe9v59T_DSWgiQGfx4cyvDdL5J2jqUp-YdHy-r9UiIkg', 'expires_at': 1606202282.718644}.
2020-11-24 15:18:03,793 INFO     ___FILE_ONLY___ 
You are now logged in as [webresponsespeed@gmail.com].
Your current project is [None].  You can change this setting by running:
  $ gcloud config set project PROJECT_ID

2020-11-24 15:18:03,793 INFO     root            Display format: "none"
