2020-11-24 16:24:09,826 DEBUG    root            Loaded Command Group: ['gcloud', 'functions']
2020-11-24 16:24:09,872 DEBUG    root            Loaded Command Group: ['gcloud', 'functions', 'deploy']
2020-11-24 16:24:09,892 DEBUG    root            Running [gcloud.functions.deploy] with arguments: [--memory: "2147483648", --runtime: "nodejs10", --timeout: "540", --trigger-topic: "launch-lighthouse", NAME: "launchLighthouse"]
2020-11-24 16:24:09,928 DEBUG    google_auth_httplib2 Making request: POST https://oauth2.googleapis.com/token
2020-11-24 16:24:11,241 INFO     root            Using ignore file at [./.gcloudignore].
2020-11-24 16:24:11,244 DEBUG    root            Skipping file [./.gitignore]
2020-11-24 16:24:11,244 DEBUG    root            Skipping file [./.gcloudignore]
2020-11-24 16:24:11,246 DEBUG    root            Skipping file [./.git/config]
2020-11-24 16:24:11,246 DEBUG    root            Skipping file [./.git/HEAD]
2020-11-24 16:24:11,246 DEBUG    root            Skipping file [./.git/description]
2020-11-24 16:24:11,246 DEBUG    root            Skipping file [./.git/index]
2020-11-24 16:24:11,247 DEBUG    root            Skipping file [./.git/packed-refs]
2020-11-24 16:24:11,247 DEBUG    root            Skipping file [./.git/objects/pack/pack-e5c1c958e9d37581c762f9666fc8000cfcd4ac17.idx]
2020-11-24 16:24:11,247 DEBUG    root            Skipping file [./.git/objects/pack/pack-e5c1c958e9d37581c762f9666fc8000cfcd4ac17.pack]
2020-11-24 16:24:11,248 DEBUG    root            Skipping file [./.git/info/exclude]
2020-11-24 16:24:11,248 DEBUG    root            Skipping file [./.git/logs/HEAD]
2020-11-24 16:24:11,248 DEBUG    root            Skipping file [./.git/logs/refs/heads/master]
2020-11-24 16:24:11,249 DEBUG    root            Skipping file [./.git/logs/refs/remotes/origin/HEAD]
2020-11-24 16:24:11,249 DEBUG    root            Skipping file [./.git/hooks/commit-msg.sample]
2020-11-24 16:24:11,249 DEBUG    root            Skipping file [./.git/hooks/pre-rebase.sample]
2020-11-24 16:24:11,250 DEBUG    root            Skipping file [./.git/hooks/pre-commit.sample]
2020-11-24 16:24:11,250 DEBUG    root            Skipping file [./.git/hooks/applypatch-msg.sample]
2020-11-24 16:24:11,250 DEBUG    root            Skipping file [./.git/hooks/fsmonitor-watchman.sample]
2020-11-24 16:24:11,250 DEBUG    root            Skipping file [./.git/hooks/pre-receive.sample]
2020-11-24 16:24:11,250 DEBUG    root            Skipping file [./.git/hooks/prepare-commit-msg.sample]
2020-11-24 16:24:11,251 DEBUG    root            Skipping file [./.git/hooks/post-update.sample]
2020-11-24 16:24:11,251 DEBUG    root            Skipping file [./.git/hooks/pre-merge-commit.sample]
2020-11-24 16:24:11,251 DEBUG    root            Skipping file [./.git/hooks/pre-applypatch.sample]
2020-11-24 16:24:11,251 DEBUG    root            Skipping file [./.git/hooks/pre-push.sample]
2020-11-24 16:24:11,251 DEBUG    root            Skipping file [./.git/hooks/update.sample]
2020-11-24 16:24:11,252 DEBUG    root            Skipping file [./.git/refs/heads/master]
2020-11-24 16:24:11,252 DEBUG    root            Skipping file [./.git/refs/remotes/origin/HEAD]
2020-11-24 16:24:11,253 INFO     root            Using ignore file at [./.gcloudignore].
2020-11-24 16:24:11,261 DEBUG    root            Skipping file [./.gitignore]
2020-11-24 16:24:11,263 DEBUG    root            Skipping file [./.gcloudignore]
2020-11-24 16:24:11,273 DEBUG    root            Skipping file [.git]
2020-11-24 16:24:11,273 DEBUG    root            Skipping file [.git/objects]
2020-11-24 16:24:11,273 DEBUG    root            Skipping file [.git/objects/pack]
2020-11-24 16:24:11,274 DEBUG    root            Skipping file [.git/objects/info]
2020-11-24 16:24:11,274 DEBUG    root            Skipping file [.git/info]
2020-11-24 16:24:11,274 DEBUG    root            Skipping file [.git/logs]
2020-11-24 16:24:11,275 DEBUG    root            Skipping file [.git/logs/refs]
2020-11-24 16:24:11,275 DEBUG    root            Skipping file [.git/logs/refs/heads]
2020-11-24 16:24:11,275 DEBUG    root            Skipping file [.git/logs/refs/remotes]
2020-11-24 16:24:11,275 DEBUG    root            Skipping file [.git/logs/refs/remotes/origin]
2020-11-24 16:24:11,276 DEBUG    root            Skipping file [.git/hooks]
2020-11-24 16:24:11,276 DEBUG    root            Skipping file [.git/refs]
2020-11-24 16:24:11,276 DEBUG    root            Skipping file [.git/refs/heads]
2020-11-24 16:24:11,277 DEBUG    root            Skipping file [.git/refs/tags]
2020-11-24 16:24:11,277 DEBUG    root            Skipping file [.git/refs/remotes]
2020-11-24 16:24:11,277 DEBUG    root            Skipping file [.git/refs/remotes/origin]
2020-11-24 16:24:13,729 INFO     ___FILE_ONLY___ Deploying function (may take a while - up to 2 minutes)...
2020-11-24 16:24:15,833 INFO     ___FILE_ONLY___ 
For Cloud Build Stackdriver Logs, visit: https://console.cloud.google.com/logs/viewer?project=rich-brace-296603&advancedFilter=resource.type%3Dbuild%0Aresource.labels.build_id%3D56d56b47-e259-4456-a79b-1dc5d18a0e4c%0AlogName%3Dprojects%2Frich-brace-296603%2Flogs%2Fcloudbuild

2020-11-24 16:26:35,044 INFO     root            Display format: "default"
2020-11-24 16:26:35,049 INFO     ___FILE_ONLY___ availableMemoryMb
2020-11-24 16:26:35,049 INFO     ___FILE_ONLY___ :
2020-11-24 16:26:35,049 INFO     ___FILE_ONLY___  
2020-11-24 16:26:35,049 INFO     ___FILE_ONLY___ 2048
2020-11-24 16:26:35,049 INFO     ___FILE_ONLY___ 

2020-11-24 16:26:35,050 INFO     ___FILE_ONLY___ buildId
2020-11-24 16:26:35,050 INFO     ___FILE_ONLY___ :
2020-11-24 16:26:35,051 INFO     ___FILE_ONLY___  
2020-11-24 16:26:35,051 INFO     ___FILE_ONLY___ 56d56b47-e259-4456-a79b-1dc5d18a0e4c
2020-11-24 16:26:35,051 INFO     ___FILE_ONLY___ 

2020-11-24 16:26:35,051 INFO     ___FILE_ONLY___ entryPoint
2020-11-24 16:26:35,051 INFO     ___FILE_ONLY___ :
2020-11-24 16:26:35,051 INFO     ___FILE_ONLY___  
2020-11-24 16:26:35,051 INFO     ___FILE_ONLY___ launchLighthouse
2020-11-24 16:26:35,051 INFO     ___FILE_ONLY___ 

2020-11-24 16:26:35,052 INFO     ___FILE_ONLY___ eventTrigger
2020-11-24 16:26:35,052 INFO     ___FILE_ONLY___ :
2020-11-24 16:26:35,052 INFO     ___FILE_ONLY___ 

2020-11-24 16:26:35,052 INFO     ___FILE_ONLY___   
2020-11-24 16:26:35,052 INFO     ___FILE_ONLY___ eventType
2020-11-24 16:26:35,052 INFO     ___FILE_ONLY___ :
2020-11-24 16:26:35,052 INFO     ___FILE_ONLY___  
2020-11-24 16:26:35,052 INFO     ___FILE_ONLY___ google.pubsub.topic.publish
2020-11-24 16:26:35,053 INFO     ___FILE_ONLY___ 

2020-11-24 16:26:35,053 INFO     ___FILE_ONLY___   
2020-11-24 16:26:35,053 INFO     ___FILE_ONLY___ failurePolicy
2020-11-24 16:26:35,053 INFO     ___FILE_ONLY___ :
2020-11-24 16:26:35,053 INFO     ___FILE_ONLY___  {
2020-11-24 16:26:35,053 INFO     ___FILE_ONLY___ }
2020-11-24 16:26:35,053 INFO     ___FILE_ONLY___ 

2020-11-24 16:26:35,053 INFO     ___FILE_ONLY___   
2020-11-24 16:26:35,053 INFO     ___FILE_ONLY___ resource
2020-11-24 16:26:35,054 INFO     ___FILE_ONLY___ :
2020-11-24 16:26:35,054 INFO     ___FILE_ONLY___  
2020-11-24 16:26:35,054 INFO     ___FILE_ONLY___ projects/rich-brace-296603/topics/launch-lighthouse
2020-11-24 16:26:35,054 INFO     ___FILE_ONLY___ 

2020-11-24 16:26:35,054 INFO     ___FILE_ONLY___   
2020-11-24 16:26:35,054 INFO     ___FILE_ONLY___ service
2020-11-24 16:26:35,054 INFO     ___FILE_ONLY___ :
2020-11-24 16:26:35,054 INFO     ___FILE_ONLY___  
2020-11-24 16:26:35,054 INFO     ___FILE_ONLY___ pubsub.googleapis.com
2020-11-24 16:26:35,055 INFO     ___FILE_ONLY___ 

2020-11-24 16:26:35,055 INFO     ___FILE_ONLY___ ingressSettings
2020-11-24 16:26:35,055 INFO     ___FILE_ONLY___ :
2020-11-24 16:26:35,055 INFO     ___FILE_ONLY___  
2020-11-24 16:26:35,055 INFO     ___FILE_ONLY___ ALLOW_ALL
2020-11-24 16:26:35,055 INFO     ___FILE_ONLY___ 

2020-11-24 16:26:35,055 INFO     ___FILE_ONLY___ labels
2020-11-24 16:26:35,056 INFO     ___FILE_ONLY___ :
2020-11-24 16:26:35,056 INFO     ___FILE_ONLY___ 

2020-11-24 16:26:35,056 INFO     ___FILE_ONLY___   
2020-11-24 16:26:35,056 INFO     ___FILE_ONLY___ deployment-tool
2020-11-24 16:26:35,056 INFO     ___FILE_ONLY___ :
2020-11-24 16:26:35,056 INFO     ___FILE_ONLY___  
2020-11-24 16:26:35,056 INFO     ___FILE_ONLY___ cli-gcloud
2020-11-24 16:26:35,057 INFO     ___FILE_ONLY___ 

2020-11-24 16:26:35,057 INFO     ___FILE_ONLY___ name
2020-11-24 16:26:35,057 INFO     ___FILE_ONLY___ :
2020-11-24 16:26:35,057 INFO     ___FILE_ONLY___  
2020-11-24 16:26:35,057 INFO     ___FILE_ONLY___ projects/rich-brace-296603/locations/us-central1/functions/launchLighthouse
2020-11-24 16:26:35,057 INFO     ___FILE_ONLY___ 

2020-11-24 16:26:35,057 INFO     ___FILE_ONLY___ runtime
2020-11-24 16:26:35,057 INFO     ___FILE_ONLY___ :
2020-11-24 16:26:35,057 INFO     ___FILE_ONLY___  
2020-11-24 16:26:35,058 INFO     ___FILE_ONLY___ nodejs10
2020-11-24 16:26:35,058 INFO     ___FILE_ONLY___ 

2020-11-24 16:26:35,058 INFO     ___FILE_ONLY___ serviceAccountEmail
2020-11-24 16:26:35,058 INFO     ___FILE_ONLY___ :
2020-11-24 16:26:35,058 INFO     ___FILE_ONLY___  
2020-11-24 16:26:35,058 INFO     ___FILE_ONLY___ rich-brace-296603@appspot.gserviceaccount.com
2020-11-24 16:26:35,058 INFO     ___FILE_ONLY___ 

2020-11-24 16:26:35,058 INFO     ___FILE_ONLY___ sourceUploadUrl
2020-11-24 16:26:35,058 INFO     ___FILE_ONLY___ :
2020-11-24 16:26:35,059 INFO     ___FILE_ONLY___  
2020-11-24 16:26:35,059 INFO     ___FILE_ONLY___ https://storage.googleapis.com/gcf-upload-us-central1-2fe5d990-eaf7-4129-8604-e0e6aae62cdb/97a8111c-8e61-44f0-9f49-baa3cf0019ef.zip?GoogleAccessId=service-311981865459@gcf-admin-robot.iam.gserviceaccount.com&Expires=1606204452&Signature=DY5z%2FpN6zUDz%2BYJVvwhMasINLJquFfTNQt0ef0cp8Y77%2F2XMJF9kGzdSkhr6tAqWUdZJHwGalAeEqOZ%2FtI03HfkshVZjwIalMt6UDA%2FCvstFGWmMJOAgO9bbZdIyM1ZHa%2FV%2FzOKfwffPDd1GyvTlgFxzEb4vqvYTvd0IVQf3umJ%2FHOTkm%2BkCSl50RIZB0shDDRrgElGeIDIgE%2BtYWvUhiD2IgREBNpHdCb0nL4WUpi%2BolPs6H1IMygJ6w6atdYr3cufmtraMIodlm%2BJs1JMnTQzYW93BHlN2Xjl1KTDA1NGmVQEIZ72YK7ZGYW1eqVIvQtKN3UGe5kVbENiWn%2BflRA%3D%3D
2020-11-24 16:26:35,059 INFO     ___FILE_ONLY___ 

2020-11-24 16:26:35,060 INFO     ___FILE_ONLY___ status
2020-11-24 16:26:35,060 INFO     ___FILE_ONLY___ :
2020-11-24 16:26:35,060 INFO     ___FILE_ONLY___  
2020-11-24 16:26:35,060 INFO     ___FILE_ONLY___ ACTIVE
2020-11-24 16:26:35,060 INFO     ___FILE_ONLY___ 

2020-11-24 16:26:35,060 INFO     ___FILE_ONLY___ timeout
2020-11-24 16:26:35,060 INFO     ___FILE_ONLY___ :
2020-11-24 16:26:35,060 INFO     ___FILE_ONLY___  
2020-11-24 16:26:35,060 INFO     ___FILE_ONLY___ 540s
2020-11-24 16:26:35,061 INFO     ___FILE_ONLY___ 

2020-11-24 16:26:35,061 INFO     ___FILE_ONLY___ updateTime
2020-11-24 16:26:35,061 INFO     ___FILE_ONLY___ :
2020-11-24 16:26:35,061 INFO     ___FILE_ONLY___  '
2020-11-24 16:26:35,061 INFO     ___FILE_ONLY___ 2020-11-24T07:26:33.443Z
2020-11-24 16:26:35,061 INFO     ___FILE_ONLY___ '
2020-11-24 16:26:35,061 INFO     ___FILE_ONLY___ 

2020-11-24 16:26:35,061 INFO     ___FILE_ONLY___ versionId
2020-11-24 16:26:35,061 INFO     ___FILE_ONLY___ :
2020-11-24 16:26:35,061 INFO     ___FILE_ONLY___  '
2020-11-24 16:26:35,062 INFO     ___FILE_ONLY___ 3
2020-11-24 16:26:35,062 INFO     ___FILE_ONLY___ '
2020-11-24 16:26:35,062 INFO     ___FILE_ONLY___ 

