2021-08-11 10:35:42,761 ERROR    root            (gcloud) Command name argument expected.
2021-08-11 10:35:42,767 DEBUG    root            Loaded Command Group: ['gcloud', 'firestore']
2021-08-11 10:35:42,808 DEBUG    root            Loaded Command Group: ['gcloud', 'domains']
2021-08-11 10:35:42,825 DEBUG    root            No implementation for release track [GA] for element: [/Users/masakoguchi/google-cloud-sdk/lib/surface/error_reporting]
2021-08-11 10:35:42,839 DEBUG    root            Loaded Command Group: ['gcloud', 'firebase']
2021-08-11 10:35:43,167 DEBUG    root            No implementation for release track [GA] for element: [/Users/masakoguchi/google-cloud-sdk/lib/surface/events]
2021-08-11 10:35:43,172 DEBUG    root            Loaded Command Group: ['gcloud', 'spanner']
2021-08-11 10:35:43,185 DEBUG    root            Loaded Command Group: ['gcloud', 'logging']
2021-08-11 10:35:43,190 DEBUG    root            No implementation for release track [GA] for element: [/Users/masakoguchi/google-cloud-sdk/lib/surface/bq]
2021-08-11 10:35:43,200 DEBUG    root            No implementation for release track [GA] for element: [/Users/masakoguchi/google-cloud-sdk/lib/surface/access_approval]
2021-08-11 10:35:43,211 DEBUG    root            No implementation for release track [GA] for element: [/Users/masakoguchi/google-cloud-sdk/lib/surface/commerce_procurement]
2021-08-11 10:35:43,214 DEBUG    root            Loaded Command Group: ['gcloud', 'policy_intelligence']
2021-08-11 10:35:43,218 DEBUG    root            Loaded Command Group: ['gcloud', 'organizations']
2021-08-11 10:35:43,233 DEBUG    root            No implementation for release track [GA] for element: [/Users/masakoguchi/google-cloud-sdk/lib/surface/edge_container]
2021-08-11 10:35:43,252 DEBUG    root            Loaded Command Group: ['gcloud', 'builds']
2021-08-11 10:35:43,332 DEBUG    root            Loaded Command Group: ['gcloud', 'identity']
2021-08-11 10:35:43,385 DEBUG    root            No implementation for release track [GA] for element: [/Users/masakoguchi/google-cloud-sdk/lib/surface/vmware]
2021-08-11 10:35:43,502 DEBUG    root            Loaded Command Group: ['gcloud', 'help']
2021-08-11 10:35:43,517 DEBUG    root            Loaded Command Group: ['gcloud', 'resource_manager']
2021-08-11 10:35:43,528 DEBUG    root            No implementation for release track [GA] for element: [/Users/masakoguchi/google-cloud-sdk/lib/surface/essential_contacts]
2021-08-11 10:35:43,561 DEBUG    root            Loaded Command Group: ['gcloud', 'docker']
2021-08-11 10:35:43,567 DEBUG    root            Loaded Command Group: ['gcloud', 'emulators']
2021-08-11 10:35:43,573 DEBUG    root            No implementation for release track [GA] for element: [/Users/masakoguchi/google-cloud-sdk/lib/surface/data_fusion]
2021-08-11 10:35:43,576 DEBUG    root            No implementation for release track [GA] for element: [/Users/masakoguchi/google-cloud-sdk/lib/surface/ids]
2021-08-11 10:35:43,580 DEBUG    root            No implementation for release track [GA] for element: [/Users/masakoguchi/google-cloud-sdk/lib/surface/labelmanager]
2021-08-11 10:35:43,583 DEBUG    root            No implementation for release track [GA] for element: [/Users/masakoguchi/google-cloud-sdk/lib/surface/trace]
2021-08-11 10:35:43,591 DEBUG    root            Loaded Command Group: ['gcloud', 'database_migration']
2021-08-11 10:35:43,596 DEBUG    root            Loaded Command Group: ['gcloud', 'projects']
2021-08-11 10:35:43,599 DEBUG    root            Loaded Command Group: ['gcloud', 'scheduler']
2021-08-11 10:35:43,607 DEBUG    root            Loaded Command Group: ['gcloud', 'assured']
2021-08-11 10:35:43,611 DEBUG    root            No implementation for release track [GA] for element: [/Users/masakoguchi/google-cloud-sdk/lib/surface/storage]
2021-08-11 10:35:43,613 DEBUG    root            Loaded Command Group: ['gcloud', 'secrets']
2021-08-11 10:35:43,616 DEBUG    root            Loaded Command Group: ['gcloud', 'app']
2021-08-11 10:35:43,624 DEBUG    root            Loaded Command Group: ['gcloud', 'dataproc']
2021-08-11 10:35:43,632 DEBUG    root            No implementation for release track [GA] for element: [/Users/masakoguchi/google-cloud-sdk/lib/surface/dlp]
2021-08-11 10:35:43,640 DEBUG    root            Loaded Command Group: ['gcloud', 'eventarc']
2021-08-11 10:35:43,643 DEBUG    root            Loaded Command Group: ['gcloud', 'artifacts']
2021-08-11 10:35:43,647 DEBUG    root            No implementation for release track [GA] for element: [/Users/masakoguchi/google-cloud-sdk/lib/surface/transcoder]
2021-08-11 10:35:43,651 DEBUG    root            Loaded Command Group: ['gcloud', 'workflows']
2021-08-11 10:35:43,654 DEBUG    root            Loaded Command Group: ['gcloud', 'data_catalog']
2021-08-11 10:35:43,658 DEBUG    root            Loaded Command Group: ['gcloud', 'topic']
2021-08-11 10:35:43,664 DEBUG    root            No implementation for release track [GA] for element: [/Users/masakoguchi/google-cloud-sdk/lib/surface/resource_config]
2021-08-11 10:35:43,666 DEBUG    root            No implementation for release track [GA] for element: [/Users/masakoguchi/google-cloud-sdk/lib/surface/certificate_manager]
2021-08-11 10:35:43,670 DEBUG    root            Loaded Command Group: ['gcloud', 'config']
2021-08-11 10:35:43,675 DEBUG    root            Loaded Command Group: ['gcloud', 'recaptcha']
2021-08-11 10:35:43,710 DEBUG    root            Loaded Command Group: ['gcloud', 'info']
2021-08-11 10:35:43,716 DEBUG    root            Loaded Command Group: ['gcloud', 'auth']
2021-08-11 10:35:43,729 DEBUG    root            Loaded Command Group: ['gcloud', 'dns']
2021-08-11 10:35:43,733 DEBUG    root            Loaded Command Group: ['gcloud', 'bigtable']
2021-08-11 10:35:43,740 DEBUG    root            Loaded Command Group: ['gcloud', 'apigee']
2021-08-11 10:35:43,745 DEBUG    root            No implementation for release track [GA] for element: [/Users/masakoguchi/google-cloud-sdk/lib/surface/publicca]
2021-08-11 10:35:43,748 DEBUG    root            No implementation for release track [GA] for element: [/Users/masakoguchi/google-cloud-sdk/lib/surface/runtime_config]
2021-08-11 10:35:43,753 DEBUG    root            Loaded Command Group: ['gcloud', 'container']
2021-08-11 10:35:43,759 DEBUG    root            Loaded Command Group: ['gcloud', 'scc']
2021-08-11 10:35:43,770 DEBUG    root            Loaded Command Group: ['gcloud', 'monitoring']
2021-08-11 10:35:43,783 DEBUG    root            No implementation for release track [GA] for element: [/Users/masakoguchi/google-cloud-sdk/lib/surface/kuberun]
2021-08-11 10:35:43,786 DEBUG    root            Loaded Command Group: ['gcloud', 'filestore']
2021-08-11 10:35:43,790 DEBUG    root            No implementation for release track [GA] for element: [/Users/masakoguchi/google-cloud-sdk/lib/surface/dialogflow]
2021-08-11 10:35:43,799 DEBUG    root            No implementation for release track [GA] for element: [/Users/masakoguchi/google-cloud-sdk/lib/surface/media]
2021-08-11 10:35:43,808 DEBUG    root            Loaded Command Group: ['gcloud', 'ml']
2021-08-11 10:35:43,811 DEBUG    root            Loaded Command Group: ['gcloud', 'active_directory']
2021-08-11 10:35:43,814 DEBUG    root            Loaded Command Group: ['gcloud', 'tasks']
2021-08-11 10:35:43,825 DEBUG    root            No implementation for release track [GA] for element: [/Users/masakoguchi/google-cloud-sdk/lib/surface/network_security]
2021-08-11 10:35:43,840 DEBUG    root            No implementation for release track [GA] for element: [/Users/masakoguchi/google-cloud-sdk/lib/surface/alloydb]
2021-08-11 10:35:43,843 DEBUG    root            Loaded Command Group: ['gcloud', 'healthcare']
2021-08-11 10:35:43,884 DEBUG    root            Loaded Command Group: ['gcloud', 'metastore']
2021-08-11 10:35:43,906 DEBUG    root            Loaded Command Group: ['gcloud', 'workspace_add_ons']
2021-08-11 10:35:43,918 DEBUG    root            Loaded Command Group: ['gcloud', 'edge_cache']
2021-08-11 10:35:43,936 DEBUG    root            Loaded Command Group: ['gcloud', 'iam']
2021-08-11 10:35:43,961 DEBUG    root            Loaded Command Group: ['gcloud', 'functions']
2021-08-11 10:35:43,973 DEBUG    root            No implementation for release track [GA] for element: [/Users/masakoguchi/google-cloud-sdk/lib/surface/transfer]
2021-08-11 10:35:43,989 DEBUG    root            Loaded Command Group: ['gcloud', 'services']
2021-08-11 10:35:43,999 DEBUG    root            No implementation for release track [GA] for element: [/Users/masakoguchi/google-cloud-sdk/lib/surface/admin_service_cluster]
2021-08-11 10:35:44,001 DEBUG    root            Loaded Command Group: ['gcloud', 'memcache']
2021-08-11 10:35:44,021 DEBUG    root            Loaded Command Group: ['gcloud', 'sql']
2021-08-11 10:35:44,028 DEBUG    root            Loaded Command Group: ['gcloud', 'composer']
2021-08-11 10:35:44,043 DEBUG    root            Loaded Command Group: ['gcloud', 'pubsub']
2021-08-11 10:35:44,056 DEBUG    root            Loaded Command Group: ['gcloud', 'datastore']
2021-08-11 10:35:44,238 DEBUG    root            Loaded Command Group: ['gcloud', 'ai_platform']
2021-08-11 10:35:44,246 DEBUG    root            Loaded Command Group: ['gcloud', 'deployment_manager']
2021-08-11 10:35:44,266 DEBUG    root            No implementation for release track [GA] for element: [/Users/masakoguchi/google-cloud-sdk/lib/surface/lifesciences]
2021-08-11 10:35:44,296 DEBUG    root            Loaded Command Group: ['gcloud', 'feedback']
2021-08-11 10:35:44,308 DEBUG    root            Loaded Command Group: ['gcloud', 'cheat_sheet']
2021-08-11 10:35:44,316 DEBUG    root            Loaded Command Group: ['gcloud', 'cloud_shell']
2021-08-11 10:35:44,330 DEBUG    root            Loaded Command Group: ['gcloud', 'anthos']
2021-08-11 10:35:44,336 DEBUG    root            Loaded Command Group: ['gcloud', 'dataflow']
2021-08-11 10:35:44,341 DEBUG    root            No implementation for release track [GA] for element: [/Users/masakoguchi/google-cloud-sdk/lib/surface/remote_build_execution]
2021-08-11 10:35:44,359 DEBUG    root            Loaded Command Group: ['gcloud', 'notebooks']
2021-08-11 10:35:44,374 DEBUG    root            Loaded Command Group: ['gcloud', 'version']
2021-08-11 10:35:44,388 DEBUG    root            Loaded Command Group: ['gcloud', 'ai']
2021-08-11 10:35:44,401 DEBUG    root            Loaded Command Group: ['gcloud', 'billing']
2021-08-11 10:35:44,413 DEBUG    root            Loaded Command Group: ['gcloud', 'run']
2021-08-11 10:35:44,418 DEBUG    root            Loaded Command Group: ['gcloud', 'meta']
2021-08-11 10:35:44,425 DEBUG    root            No implementation for release track [GA] for element: [/Users/masakoguchi/google-cloud-sdk/lib/surface/blueprints]
2021-08-11 10:35:44,444 DEBUG    root            Loaded Command Group: ['gcloud', 'debug']
2021-08-11 10:35:44,451 DEBUG    root            Loaded Command Group: ['gcloud', 'access_context_manager']
2021-08-11 10:35:44,456 DEBUG    root            Loaded Command Group: ['gcloud', 'recommender']
2021-08-11 10:35:44,460 DEBUG    root            Loaded Command Group: ['gcloud', 'ml_engine']
2021-08-11 10:35:44,464 DEBUG    root            No implementation for release track [GA] for element: [/Users/masakoguchi/google-cloud-sdk/lib/surface/datastream]
2021-08-11 10:35:44,475 DEBUG    root            Loaded Command Group: ['gcloud', 'network_management']
2021-08-11 10:35:44,481 DEBUG    root            Loaded Command Group: ['gcloud', 'game']
2021-08-11 10:35:44,504 DEBUG    root            Loaded Command Group: ['gcloud', 'init']
2021-08-11 10:35:44,515 DEBUG    root            Loaded Command Group: ['gcloud', 'policy_troubleshoot']
2021-08-11 10:35:44,519 DEBUG    root            No implementation for release track [GA] for element: [/Users/masakoguchi/google-cloud-sdk/lib/surface/deploy]
2021-08-11 10:35:44,520 DEBUG    root            Loaded Command Group: ['gcloud', 'iap']
2021-08-11 10:35:45,795 DEBUG    root            No implementation for release track [GA] for element: [/Users/masakoguchi/google-cloud-sdk/lib/surface/interactive]
2021-08-11 10:35:45,805 DEBUG    root            Loaded Command Group: ['gcloud', 'service_directory']
2021-08-11 10:35:45,811 DEBUG    root            No implementation for release track [GA] for element: [/Users/masakoguchi/google-cloud-sdk/lib/surface/dataplex]
2021-08-11 10:35:45,814 DEBUG    root            Loaded Command Group: ['gcloud', 'endpoints']
2021-08-11 10:35:45,845 DEBUG    root            Loaded Command Group: ['gcloud', 'survey']
2021-08-11 10:35:45,849 DEBUG    root            Loaded Command Group: ['gcloud', 'iot']
2021-08-11 10:35:45,854 DEBUG    root            Loaded Command Group: ['gcloud', 'kms']
2021-08-11 10:35:45,857 DEBUG    root            No implementation for release track [GA] for element: [/Users/masakoguchi/google-cloud-sdk/lib/surface/network_services]
2021-08-11 10:35:45,863 DEBUG    root            Loaded Command Group: ['gcloud', 'components']
2021-08-11 10:35:45,867 DEBUG    root            Loaded Command Group: ['gcloud', 'api_gateway']
2021-08-11 10:35:45,963 DEBUG    root            Loaded Command Group: ['gcloud', 'compute']
2021-08-11 10:35:46,003 DEBUG    root            Loaded Command Group: ['gcloud', 'source']
2021-08-11 10:35:46,014 DEBUG    root            No implementation for release track [GA] for element: [/Users/masakoguchi/google-cloud-sdk/lib/surface/code]
2021-08-11 10:35:46,023 DEBUG    root            Loaded Command Group: ['gcloud', 'resource_settings']
2021-08-11 10:35:46,028 DEBUG    root            Loaded Command Group: ['gcloud', 'asset']
2021-08-11 10:35:46,035 DEBUG    root            Loaded Command Group: ['gcloud', 'privateca']
2021-08-11 10:35:46,057 DEBUG    root            Loaded Command Group: ['gcloud', 'org_policies']
2021-08-11 10:35:46,062 DEBUG    root            Loaded Command Group: ['gcloud', 'network_connectivity']
2021-08-11 10:35:46,066 DEBUG    root            Loaded Command Group: ['gcloud', 'redis']
2021-08-11 10:35:46,070 DEBUG    root            No implementation for release track [GA] for element: [/Users/masakoguchi/google-cloud-sdk/lib/surface/web_security_scanner]
2021-08-11 10:35:46,073 DEBUG    root            No implementation for release track [GA] for element: [/Users/masakoguchi/google-cloud-sdk/lib/surface/genomics]
2021-08-11 10:35:48,052 INFO     ___FILE_ONLY___ 

Command killed by keyboard interrupt


