2021-08-11 10:51:47,170 ERROR    root            (gcloud) Command name argument expected.
2021-08-11 10:51:47,171 DEBUG    root            Loaded Command Group: ['gcloud', 'kms']
2021-08-11 10:51:47,175 DEBUG    root            No implementation for release track [GA] for element: [/Users/masakoguchi/google-cloud-sdk/lib/surface/transcoder]
2021-08-11 10:51:47,186 DEBUG    root            Loaded Command Group: ['gcloud', 'help']
2021-08-11 10:51:47,188 DEBUG    root            Loaded Command Group: ['gcloud', 'components']
2021-08-11 10:51:47,194 DEBUG    root            No implementation for release track [GA] for element: [/Users/masakoguchi/google-cloud-sdk/lib/surface/runtime_config]
2021-08-11 10:51:47,227 DEBUG    root            Loaded Command Group: ['gcloud', 'ml_engine']
2021-08-11 10:51:47,231 DEBUG    root            Loaded Command Group: ['gcloud', 'privateca']
2021-08-11 10:51:47,236 DEBUG    root            No implementation for release track [GA] for element: [/Users/masakoguchi/google-cloud-sdk/lib/surface/storage]
2021-08-11 10:51:47,237 DEBUG    root            Loaded Command Group: ['gcloud', 'artifacts']
2021-08-11 10:51:47,240 DEBUG    root            Loaded Command Group: ['gcloud', 'emulators']
2021-08-11 10:51:47,243 DEBUG    root            Loaded Command Group: ['gcloud', 'database_migration']
2021-08-11 10:51:47,248 DEBUG    root            Loaded Command Group: ['gcloud', 'projects']
2021-08-11 10:51:47,252 DEBUG    root            No implementation for release track [GA] for element: [/Users/masakoguchi/google-cloud-sdk/lib/surface/datastream]
2021-08-11 10:51:47,254 DEBUG    root            Loaded Command Group: ['gcloud', 'services']
2021-08-11 10:51:47,257 DEBUG    root            Loaded Command Group: ['gcloud', 'resource_manager']
2021-08-11 10:51:47,259 DEBUG    root            Loaded Command Group: ['gcloud', 'api_gateway']
2021-08-11 10:51:47,262 DEBUG    root            Loaded Command Group: ['gcloud', 'eventarc']
2021-08-11 10:51:47,264 DEBUG    root            Loaded Command Group: ['gcloud', 'app']
2021-08-11 10:51:47,267 DEBUG    root            No implementation for release track [GA] for element: [/Users/masakoguchi/google-cloud-sdk/lib/surface/dataplex]
2021-08-11 10:51:47,269 DEBUG    root            Loaded Command Group: ['gcloud', 'dataproc']
2021-08-11 10:51:47,271 DEBUG    root            No implementation for release track [GA] for element: [/Users/masakoguchi/google-cloud-sdk/lib/surface/deploy]
2021-08-11 10:51:47,272 DEBUG    root            Loaded Command Group: ['gcloud', 'dns']
2021-08-11 10:51:47,275 DEBUG    root            No implementation for release track [GA] for element: [/Users/masakoguchi/google-cloud-sdk/lib/surface/admin_service_cluster]
2021-08-11 10:51:47,276 DEBUG    root            No implementation for release track [GA] for element: [/Users/masakoguchi/google-cloud-sdk/lib/surface/error_reporting]
2021-08-11 10:51:47,277 DEBUG    root            Loaded Command Group: ['gcloud', 'active_directory']
2021-08-11 10:51:47,280 DEBUG    root            No implementation for release track [GA] for element: [/Users/masakoguchi/google-cloud-sdk/lib/surface/commerce_procurement]
2021-08-11 10:51:47,281 DEBUG    root            No implementation for release track [GA] for element: [/Users/masakoguchi/google-cloud-sdk/lib/surface/web_security_scanner]
2021-08-11 10:51:47,282 DEBUG    root            No implementation for release track [GA] for element: [/Users/masakoguchi/google-cloud-sdk/lib/surface/data_fusion]
2021-08-11 10:51:47,283 DEBUG    root            Loaded Command Group: ['gcloud', 'iot']
2021-08-11 10:51:47,285 DEBUG    root            Loaded Command Group: ['gcloud', 'billing']
2021-08-11 10:51:47,290 DEBUG    root            Loaded Command Group: ['gcloud', 'assured']
2021-08-11 10:51:47,296 DEBUG    root            Loaded Command Group: ['gcloud', 'game']
2021-08-11 10:51:47,312 DEBUG    root            Loaded Command Group: ['gcloud', 'init']
2021-08-11 10:51:47,315 DEBUG    root            Loaded Command Group: ['gcloud', 'monitoring']
2021-08-11 10:51:47,318 DEBUG    root            No implementation for release track [GA] for element: [/Users/masakoguchi/google-cloud-sdk/lib/surface/dlp]
2021-08-11 10:51:47,319 DEBUG    root            No implementation for release track [GA] for element: [/Users/masakoguchi/google-cloud-sdk/lib/surface/lifesciences]
2021-08-11 10:51:47,320 DEBUG    root            No implementation for release track [GA] for element: [/Users/masakoguchi/google-cloud-sdk/lib/surface/dialogflow]
2021-08-11 10:51:47,321 DEBUG    root            Loaded Command Group: ['gcloud', 'run']
2021-08-11 10:51:47,325 DEBUG    root            No implementation for release track [GA] for element: [/Users/masakoguchi/google-cloud-sdk/lib/surface/bq]
2021-08-11 10:51:47,327 DEBUG    root            Loaded Command Group: ['gcloud', 'notebooks']
2021-08-11 10:51:47,330 DEBUG    root            Loaded Command Group: ['gcloud', 'tasks']
2021-08-11 10:51:47,333 DEBUG    root            Loaded Command Group: ['gcloud', 'apigee']
2021-08-11 10:51:47,345 DEBUG    root            Loaded Command Group: ['gcloud', 'docker']
2021-08-11 10:51:47,349 DEBUG    root            Loaded Command Group: ['gcloud', 'recommender']
2021-08-11 10:51:47,353 DEBUG    root            Loaded Command Group: ['gcloud', 'access_context_manager']
2021-08-11 10:51:47,356 DEBUG    root            No implementation for release track [GA] for element: [/Users/masakoguchi/google-cloud-sdk/lib/surface/essential_contacts]
2021-08-11 10:51:47,358 DEBUG    root            Loaded Command Group: ['gcloud', 'cheat_sheet']
2021-08-11 10:51:47,453 DEBUG    root            Loaded Command Group: ['gcloud', 'compute']
2021-08-11 10:51:47,462 DEBUG    root            No implementation for release track [GA] for element: [/Users/masakoguchi/google-cloud-sdk/lib/surface/access_approval]
2021-08-11 10:51:47,463 DEBUG    root            Loaded Command Group: ['gcloud', 'meta']
2021-08-11 10:51:47,468 DEBUG    root            No implementation for release track [GA] for element: [/Users/masakoguchi/google-cloud-sdk/lib/surface/publicca]
2021-08-11 10:51:47,470 DEBUG    root            Loaded Command Group: ['gcloud', 'scc']
2021-08-11 10:51:47,473 DEBUG    root            Loaded Command Group: ['gcloud', 'workflows']
2021-08-11 10:51:47,477 DEBUG    root            Loaded Command Group: ['gcloud', 'cloud_shell']
2021-08-11 10:51:47,481 DEBUG    root            Loaded Command Group: ['gcloud', 'identity']
2021-08-11 10:51:47,489 DEBUG    root            Loaded Command Group: ['gcloud', 'builds']
2021-08-11 10:51:47,495 DEBUG    root            No implementation for release track [GA] for element: [/Users/masakoguchi/google-cloud-sdk/lib/surface/ids]
2021-08-11 10:51:47,496 DEBUG    root            No implementation for release track [GA] for element: [/Users/masakoguchi/google-cloud-sdk/lib/surface/blueprints]
2021-08-11 10:51:47,497 DEBUG    root            Loaded Command Group: ['gcloud', 'resource_settings']
2021-08-11 10:51:47,500 DEBUG    root            No implementation for release track [GA] for element: [/Users/masakoguchi/google-cloud-sdk/lib/surface/media]
2021-08-11 10:51:47,513 DEBUG    root            Loaded Command Group: ['gcloud', 'survey']
2021-08-11 10:51:47,520 DEBUG    root            No implementation for release track [GA] for element: [/Users/masakoguchi/google-cloud-sdk/lib/surface/code]
2021-08-11 10:51:47,521 DEBUG    root            Loaded Command Group: ['gcloud', 'ml']
2021-08-11 10:51:47,523 DEBUG    root            Loaded Command Group: ['gcloud', 'deployment_manager']
2021-08-11 10:51:47,526 DEBUG    root            Loaded Command Group: ['gcloud', 'logging']
2021-08-11 10:51:47,530 DEBUG    root            No implementation for release track [GA] for element: [/Users/masakoguchi/google-cloud-sdk/lib/surface/certificate_manager]
2021-08-11 10:51:47,530 DEBUG    root            Loaded Command Group: ['gcloud', 'endpoints']
2021-08-11 10:51:47,541 DEBUG    root            Loaded Command Group: ['gcloud', 'container']
2021-08-11 10:51:47,547 DEBUG    root            Loaded Command Group: ['gcloud', 'version']
2021-08-11 10:51:47,548 DEBUG    root            No implementation for release track [GA] for element: [/Users/masakoguchi/google-cloud-sdk/lib/surface/edge_container]
2021-08-11 10:51:47,551 DEBUG    root            Loaded Command Group: ['gcloud', 'domains']
2021-08-11 10:51:47,555 DEBUG    root            Loaded Command Group: ['gcloud', 'service_directory']
2021-08-11 10:51:47,558 DEBUG    root            No implementation for release track [GA] for element: [/Users/masakoguchi/google-cloud-sdk/lib/surface/labelmanager]
2021-08-11 10:51:47,559 DEBUG    root            Loaded Command Group: ['gcloud', 'workspace_add_ons']
2021-08-11 10:51:47,562 DEBUG    root            Loaded Command Group: ['gcloud', 'recaptcha']
2021-08-11 10:51:47,566 DEBUG    root            Loaded Command Group: ['gcloud', 'functions']
2021-08-11 10:51:47,572 DEBUG    root            No implementation for release track [GA] for element: [/Users/masakoguchi/google-cloud-sdk/lib/surface/vmware]
2021-08-11 10:51:47,572 DEBUG    root            No implementation for release track [GA] for element: [/Users/masakoguchi/google-cloud-sdk/lib/surface/trace]
2021-08-11 10:51:47,573 DEBUG    root            Loaded Command Group: ['gcloud', 'asset']
2021-08-11 10:51:47,617 DEBUG    root            No implementation for release track [GA] for element: [/Users/masakoguchi/google-cloud-sdk/lib/surface/events]
2021-08-11 10:51:47,624 DEBUG    root            Loaded Command Group: ['gcloud', 'spanner']
2021-08-11 10:51:47,629 DEBUG    root            Loaded Command Group: ['gcloud', 'dataflow']
2021-08-11 10:51:47,633 DEBUG    root            Loaded Command Group: ['gcloud', 'organizations']
2021-08-11 10:51:47,639 DEBUG    root            Loaded Command Group: ['gcloud', 'memcache']
2021-08-11 10:51:47,643 DEBUG    root            Loaded Command Group: ['gcloud', 'network_connectivity']
2021-08-11 10:51:47,648 DEBUG    root            No implementation for release track [GA] for element: [/Users/masakoguchi/google-cloud-sdk/lib/surface/resource_config]
2021-08-11 10:51:47,650 DEBUG    root            Loaded Command Group: ['gcloud', 'pubsub']
2021-08-11 10:51:47,655 DEBUG    root            Loaded Command Group: ['gcloud', 'network_management']
2021-08-11 10:51:47,658 DEBUG    root            Loaded Command Group: ['gcloud', 'bigtable']
2021-08-11 10:51:47,662 DEBUG    root            Loaded Command Group: ['gcloud', 'firebase']
2021-08-11 10:51:47,673 DEBUG    root            Loaded Command Group: ['gcloud', 'feedback']
2021-08-11 10:51:47,675 DEBUG    root            Loaded Command Group: ['gcloud', 'filestore']
2021-08-11 10:51:47,678 DEBUG    root            Loaded Command Group: ['gcloud', 'data_catalog']
2021-08-11 10:51:47,683 DEBUG    root            Loaded Command Group: ['gcloud', 'sql']
2021-08-11 10:51:47,690 DEBUG    root            Loaded Command Group: ['gcloud', 'policy_troubleshoot']
2021-08-11 10:51:47,694 DEBUG    root            Loaded Command Group: ['gcloud', 'scheduler']
2021-08-11 10:51:47,704 DEBUG    root            Loaded Command Group: ['gcloud', 'datastore']
2021-08-11 10:51:47,715 DEBUG    root            Loaded Command Group: ['gcloud', 'auth']
2021-08-11 10:51:47,722 DEBUG    root            No implementation for release track [GA] for element: [/Users/masakoguchi/google-cloud-sdk/lib/surface/remote_build_execution]
2021-08-11 10:51:47,723 DEBUG    root            Loaded Command Group: ['gcloud', 'edge_cache']
2021-08-11 10:51:47,735 DEBUG    root            Loaded Command Group: ['gcloud', 'config']
2021-08-11 10:51:47,740 DEBUG    root            Loaded Command Group: ['gcloud', 'composer']
2021-08-11 10:51:47,744 DEBUG    root            No implementation for release track [GA] for element: [/Users/masakoguchi/google-cloud-sdk/lib/surface/kuberun]
2021-08-11 10:51:47,746 DEBUG    root            Loaded Command Group: ['gcloud', 'anthos']
2021-08-11 10:51:47,749 DEBUG    root            Loaded Command Group: ['gcloud', 'metastore']
2021-08-11 10:51:47,753 DEBUG    root            Loaded Command Group: ['gcloud', 'ai_platform']
2021-08-11 10:51:47,924 DEBUG    root            No implementation for release track [GA] for element: [/Users/masakoguchi/google-cloud-sdk/lib/surface/interactive]
2021-08-11 10:51:47,924 DEBUG    root            No implementation for release track [GA] for element: [/Users/masakoguchi/google-cloud-sdk/lib/surface/network_security]
2021-08-11 10:51:47,925 DEBUG    root            No implementation for release track [GA] for element: [/Users/masakoguchi/google-cloud-sdk/lib/surface/genomics]
2021-08-11 10:51:47,926 DEBUG    root            Loaded Command Group: ['gcloud', 'healthcare']
2021-08-11 10:51:47,931 DEBUG    root            Loaded Command Group: ['gcloud', 'source']
2021-08-11 10:51:47,938 DEBUG    root            Loaded Command Group: ['gcloud', 'ai']
2021-08-11 10:51:47,945 DEBUG    root            No implementation for release track [GA] for element: [/Users/masakoguchi/google-cloud-sdk/lib/surface/network_services]
2021-08-11 10:51:47,946 DEBUG    root            No implementation for release track [GA] for element: [/Users/masakoguchi/google-cloud-sdk/lib/surface/alloydb]
2021-08-11 10:51:47,949 DEBUG    root            Loaded Command Group: ['gcloud', 'info']
2021-08-11 10:51:47,951 DEBUG    root            Loaded Command Group: ['gcloud', 'iam']
2021-08-11 10:51:47,955 DEBUG    root            Loaded Command Group: ['gcloud', 'secrets']
2021-08-11 10:51:47,958 DEBUG    root            Loaded Command Group: ['gcloud', 'policy_intelligence']
2021-08-11 10:51:47,960 DEBUG    root            Loaded Command Group: ['gcloud', 'topic']
2021-08-11 10:51:47,963 DEBUG    root            Loaded Command Group: ['gcloud', 'firestore']
2021-08-11 10:51:47,966 DEBUG    root            Loaded Command Group: ['gcloud', 'iap']
2021-08-11 10:51:47,974 DEBUG    root            Loaded Command Group: ['gcloud', 'debug']
2021-08-11 10:51:47,977 DEBUG    root            No implementation for release track [GA] for element: [/Users/masakoguchi/google-cloud-sdk/lib/surface/transfer]
2021-08-11 10:51:47,978 DEBUG    root            Loaded Command Group: ['gcloud', 'org_policies']
2021-08-11 10:51:47,982 DEBUG    root            Loaded Command Group: ['gcloud', 'redis']
2021-08-11 10:52:49,002 INFO     ___FILE_ONLY___ 

Command killed by keyboard interrupt


